Performing C++ SOURCE FILE Test CMAKE_HAVE_LIBC_PTHREAD failed with the following output:
Change Dir: /home/liweiw/TRACE_PV/new_src/TRACE-PV/build/CMakeFiles/CMakeTmp

Run Build Command(s):/usr/bin/gmake -f Makefile cmTC_63ccd/fast && /usr/bin/gmake  -f CMakeFiles/cmTC_63ccd.dir/build.make CMakeFiles/cmTC_63ccd.dir/build
gmake[1]: Entering directory '/home/liweiw/TRACE_PV/new_src/TRACE-PV/build/CMakeFiles/CMakeTmp'
Building CXX object CMakeFiles/cmTC_63ccd.dir/src.cxx.o
/usr/bin/c++ -DCMAKE_HAVE_LIBC_PTHREAD  -std=gnu++14 -o CMakeFiles/cmTC_63ccd.dir/src.cxx.o -c /home/liweiw/TRACE_PV/new_src/TRACE-PV/build/CMakeFiles/CMakeTmp/src.cxx
Linking CXX executable cmTC_63ccd
/usr/bin/cmake -E cmake_link_script CMakeFiles/cmTC_63ccd.dir/link.txt --verbose=1
/usr/bin/c++ CMakeFiles/cmTC_63ccd.dir/src.cxx.o -o cmTC_63ccd 
CMakeFiles/cmTC_63ccd.dir/src.cxx.o: In function `main':
src.cxx:(.text+0x2d): undefined reference to `pthread_create'
src.cxx:(.text+0x39): undefined reference to `pthread_detach'
src.cxx:(.text+0x45): undefined reference to `pthread_cancel'
src.cxx:(.text+0x56): undefined reference to `pthread_join'
collect2: error: ld returned 1 exit status
gmake[1]: *** [CMakeFiles/cmTC_63ccd.dir/build.make:99: cmTC_63ccd] Error 1
gmake[1]: Leaving directory '/home/liweiw/TRACE_PV/new_src/TRACE-PV/build/CMakeFiles/CMakeTmp'
gmake: *** [Makefile:127: cmTC_63ccd/fast] Error 2


Source file was:
#include <pthread.h>

static void* test_func(void* data)
{
  return data;
}

int main(void)
{
  pthread_t thread;
  pthread_create(&thread, NULL, test_func, NULL);
  pthread_detach(thread);
  pthread_cancel(thread);
  pthread_join(thread, NULL);
  pthread_atfork(NULL, NULL, NULL);
  pthread_exit(NULL);

  return 0;
}

Determining if the function pthread_create exists in the pthreads failed with the following output:
Change Dir: /home/liweiw/TRACE_PV/new_src/TRACE-PV/build/CMakeFiles/CMakeTmp

Run Build Command(s):/usr/bin/gmake -f Makefile cmTC_96d60/fast && /usr/bin/gmake  -f CMakeFiles/cmTC_96d60.dir/build.make CMakeFiles/cmTC_96d60.dir/build
gmake[1]: Entering directory '/home/liweiw/TRACE_PV/new_src/TRACE-PV/build/CMakeFiles/CMakeTmp'
Building CXX object CMakeFiles/cmTC_96d60.dir/CheckFunctionExists.cxx.o
/usr/bin/c++   -DCHECK_FUNCTION_EXISTS=pthread_create -std=gnu++14 -o CMakeFiles/cmTC_96d60.dir/CheckFunctionExists.cxx.o -c /home/liweiw/TRACE_PV/new_src/TRACE-PV/build/CMakeFiles/CheckLibraryExists/CheckFunctionExists.cxx
Linking CXX executable cmTC_96d60
/usr/bin/cmake -E cmake_link_script CMakeFiles/cmTC_96d60.dir/link.txt --verbose=1
/usr/bin/c++  -DCHECK_FUNCTION_EXISTS=pthread_create CMakeFiles/cmTC_96d60.dir/CheckFunctionExists.cxx.o -o cmTC_96d60  -lpthreads 
/usr/bin/ld: cannot find -lpthreads
collect2: error: ld returned 1 exit status
gmake[1]: *** [CMakeFiles/cmTC_96d60.dir/build.make:99: cmTC_96d60] Error 1
gmake[1]: Leaving directory '/home/liweiw/TRACE_PV/new_src/TRACE-PV/build/CMakeFiles/CMakeTmp'
gmake: *** [Makefile:127: cmTC_96d60/fast] Error 2



Performing C++ SOURCE FILE Test CMAKE_HAVE_LIBC_PTHREAD failed with the following output:
Change Dir: /home/liweiw/TRACE_PV/new_src/TRACE-PV/build/CMakeFiles/CMakeTmp

Run Build Command(s):/usr/bin/gmake -f Makefile cmTC_aeea9/fast && /usr/bin/gmake  -f CMakeFiles/cmTC_aeea9.dir/build.make CMakeFiles/cmTC_aeea9.dir/build
gmake[1]: Entering directory '/home/liweiw/TRACE_PV/new_src/TRACE-PV/build/CMakeFiles/CMakeTmp'
Building CXX object CMakeFiles/cmTC_aeea9.dir/src.cxx.o
/usr/bin/c++ -DCMAKE_HAVE_LIBC_PTHREAD  -std=gnu++14 -o CMakeFiles/cmTC_aeea9.dir/src.cxx.o -c /home/liweiw/TRACE_PV/new_src/TRACE-PV/build/CMakeFiles/CMakeTmp/src.cxx
Linking CXX executable cmTC_aeea9
/usr/bin/cmake -E cmake_link_script CMakeFiles/cmTC_aeea9.dir/link.txt --verbose=1
/usr/bin/c++ CMakeFiles/cmTC_aeea9.dir/src.cxx.o -o cmTC_aeea9 
CMakeFiles/cmTC_aeea9.dir/src.cxx.o: In function `main':
src.cxx:(.text+0x2d): undefined reference to `pthread_create'
src.cxx:(.text+0x39): undefined reference to `pthread_detach'
src.cxx:(.text+0x45): undefined reference to `pthread_cancel'
src.cxx:(.text+0x56): undefined reference to `pthread_join'
collect2: error: ld returned 1 exit status
gmake[1]: *** [CMakeFiles/cmTC_aeea9.dir/build.make:99: cmTC_aeea9] Error 1
gmake[1]: Leaving directory '/home/liweiw/TRACE_PV/new_src/TRACE-PV/build/CMakeFiles/CMakeTmp'
gmake: *** [Makefile:127: cmTC_aeea9/fast] Error 2


Source file was:
#include <pthread.h>

static void* test_func(void* data)
{
  return data;
}

int main(void)
{
  pthread_t thread;
  pthread_create(&thread, NULL, test_func, NULL);
  pthread_detach(thread);
  pthread_cancel(thread);
  pthread_join(thread, NULL);
  pthread_atfork(NULL, NULL, NULL);
  pthread_exit(NULL);

  return 0;
}

Determining if the function pthread_create exists in the pthreads failed with the following output:
Change Dir: /home/liweiw/TRACE_PV/new_src/TRACE-PV/build/CMakeFiles/CMakeTmp

Run Build Command(s):/usr/bin/gmake -f Makefile cmTC_4358b/fast && /usr/bin/gmake  -f CMakeFiles/cmTC_4358b.dir/build.make CMakeFiles/cmTC_4358b.dir/build
gmake[1]: Entering directory '/home/liweiw/TRACE_PV/new_src/TRACE-PV/build/CMakeFiles/CMakeTmp'
Building CXX object CMakeFiles/cmTC_4358b.dir/CheckFunctionExists.cxx.o
/usr/bin/c++   -DCHECK_FUNCTION_EXISTS=pthread_create -std=gnu++14 -o CMakeFiles/cmTC_4358b.dir/CheckFunctionExists.cxx.o -c /home/liweiw/TRACE_PV/new_src/TRACE-PV/build/CMakeFiles/CheckLibraryExists/CheckFunctionExists.cxx
Linking CXX executable cmTC_4358b
/usr/bin/cmake -E cmake_link_script CMakeFiles/cmTC_4358b.dir/link.txt --verbose=1
/usr/bin/c++  -DCHECK_FUNCTION_EXISTS=pthread_create CMakeFiles/cmTC_4358b.dir/CheckFunctionExists.cxx.o -o cmTC_4358b  -lpthreads 
/usr/bin/ld: cannot find -lpthreads
collect2: error: ld returned 1 exit status
gmake[1]: *** [CMakeFiles/cmTC_4358b.dir/build.make:99: cmTC_4358b] Error 1
gmake[1]: Leaving directory '/home/liweiw/TRACE_PV/new_src/TRACE-PV/build/CMakeFiles/CMakeTmp'
gmake: *** [Makefile:127: cmTC_4358b/fast] Error 2



Performing C++ SOURCE FILE Test CMAKE_HAVE_LIBC_PTHREAD failed with the following output:
Change Dir: /home/liweiw/TRACE_PV/new_src/TRACE-PV/build/CMakeFiles/CMakeTmp

Run Build Command(s):/usr/bin/gmake -f Makefile cmTC_95ae6/fast && /usr/bin/gmake  -f CMakeFiles/cmTC_95ae6.dir/build.make CMakeFiles/cmTC_95ae6.dir/build
gmake[1]: Entering directory '/home/liweiw/TRACE_PV/new_src/TRACE-PV/build/CMakeFiles/CMakeTmp'
Building CXX object CMakeFiles/cmTC_95ae6.dir/src.cxx.o
/usr/bin/c++ -DCMAKE_HAVE_LIBC_PTHREAD  -std=gnu++14 -o CMakeFiles/cmTC_95ae6.dir/src.cxx.o -c /home/liweiw/TRACE_PV/new_src/TRACE-PV/build/CMakeFiles/CMakeTmp/src.cxx
Linking CXX executable cmTC_95ae6
/usr/bin/cmake -E cmake_link_script CMakeFiles/cmTC_95ae6.dir/link.txt --verbose=1
/usr/bin/c++ CMakeFiles/cmTC_95ae6.dir/src.cxx.o -o cmTC_95ae6 
CMakeFiles/cmTC_95ae6.dir/src.cxx.o: In function `main':
src.cxx:(.text+0x2d): undefined reference to `pthread_create'
src.cxx:(.text+0x39): undefined reference to `pthread_detach'
src.cxx:(.text+0x45): undefined reference to `pthread_cancel'
src.cxx:(.text+0x56): undefined reference to `pthread_join'
collect2: error: ld returned 1 exit status
gmake[1]: *** [CMakeFiles/cmTC_95ae6.dir/build.make:99: cmTC_95ae6] Error 1
gmake[1]: Leaving directory '/home/liweiw/TRACE_PV/new_src/TRACE-PV/build/CMakeFiles/CMakeTmp'
gmake: *** [Makefile:127: cmTC_95ae6/fast] Error 2


Source file was:
#include <pthread.h>

static void* test_func(void* data)
{
  return data;
}

int main(void)
{
  pthread_t thread;
  pthread_create(&thread, NULL, test_func, NULL);
  pthread_detach(thread);
  pthread_cancel(thread);
  pthread_join(thread, NULL);
  pthread_atfork(NULL, NULL, NULL);
  pthread_exit(NULL);

  return 0;
}

Determining if the function pthread_create exists in the pthreads failed with the following output:
Change Dir: /home/liweiw/TRACE_PV/new_src/TRACE-PV/build/CMakeFiles/CMakeTmp

Run Build Command(s):/usr/bin/gmake -f Makefile cmTC_b4020/fast && /usr/bin/gmake  -f CMakeFiles/cmTC_b4020.dir/build.make CMakeFiles/cmTC_b4020.dir/build
gmake[1]: Entering directory '/home/liweiw/TRACE_PV/new_src/TRACE-PV/build/CMakeFiles/CMakeTmp'
Building CXX object CMakeFiles/cmTC_b4020.dir/CheckFunctionExists.cxx.o
/usr/bin/c++   -DCHECK_FUNCTION_EXISTS=pthread_create -std=gnu++14 -o CMakeFiles/cmTC_b4020.dir/CheckFunctionExists.cxx.o -c /home/liweiw/TRACE_PV/new_src/TRACE-PV/build/CMakeFiles/CheckLibraryExists/CheckFunctionExists.cxx
Linking CXX executable cmTC_b4020
/usr/bin/cmake -E cmake_link_script CMakeFiles/cmTC_b4020.dir/link.txt --verbose=1
/usr/bin/c++  -DCHECK_FUNCTION_EXISTS=pthread_create CMakeFiles/cmTC_b4020.dir/CheckFunctionExists.cxx.o -o cmTC_b4020  -lpthreads 
/usr/bin/ld: cannot find -lpthreads
collect2: error: ld returned 1 exit status
gmake[1]: *** [CMakeFiles/cmTC_b4020.dir/build.make:99: cmTC_b4020] Error 1
gmake[1]: Leaving directory '/home/liweiw/TRACE_PV/new_src/TRACE-PV/build/CMakeFiles/CMakeTmp'
gmake: *** [Makefile:127: cmTC_b4020/fast] Error 2



The MPI test test_mpi for CXX in mode normal failed to compile with the following output:
Change Dir: /home/liweiw/TRACE_PV/new_src/TRACE-PV/build/CMakeFiles/CMakeTmp

Run Build Command(s):/usr/bin/gmake -f Makefile cmTC_faf9b/fast && /usr/bin/gmake  -f CMakeFiles/cmTC_faf9b.dir/build.make CMakeFiles/cmTC_faf9b.dir/build
gmake[1]: Entering directory '/home/liweiw/TRACE_PV/new_src/TRACE-PV/build/CMakeFiles/CMakeTmp'
Building CXX object CMakeFiles/cmTC_faf9b.dir/test_mpi.cpp.o
/usr/bin/c++  -isystem /software/slurm/spackages/linux-rocky8-x86_64/gcc-12.3.0/openmpi-4.1.6-o24xaglwzn6ubwum4bavwp34qy7vowfs/include -pthread -std=gnu++14 -o CMakeFiles/cmTC_faf9b.dir/test_mpi.cpp.o -c /home/liweiw/TRACE_PV/new_src/TRACE-PV/build/CMakeFiles/FindMPI/test_mpi.cpp
In file included from /home/liweiw/TRACE_PV/new_src/TRACE-PV/build/CMakeFiles/FindMPI/test_mpi.cpp:1:
/software/slurm/spackages/linux-rocky8-x86_64/gcc-12.3.0/openmpi-4.1.6-o24xaglwzn6ubwum4bavwp34qy7vowfs/include/mpi.h:237:10: fatal error: stddef.h: No such file or directory
 #include <stddef.h>
          ^~~~~~~~~~
compilation terminated.
gmake[1]: *** [CMakeFiles/cmTC_faf9b.dir/build.make:78: CMakeFiles/cmTC_faf9b.dir/test_mpi.cpp.o] Error 1
gmake[1]: Leaving directory '/home/liweiw/TRACE_PV/new_src/TRACE-PV/build/CMakeFiles/CMakeTmp'
gmake: *** [Makefile:127: cmTC_faf9b/fast] Error 2



The MPI test test_mpi for CXX in mode normal failed to compile with the following output:
Change Dir: /home/liweiw/TRACE_PV/new_src/TRACE-PV/build/CMakeFiles/CMakeTmp

Run Build Command(s):/usr/bin/gmake -f Makefile cmTC_563b6/fast && /usr/bin/gmake  -f CMakeFiles/cmTC_563b6.dir/build.make CMakeFiles/cmTC_563b6.dir/build
gmake[1]: Entering directory '/home/liweiw/TRACE_PV/new_src/TRACE-PV/build/CMakeFiles/CMakeTmp'
Building CXX object CMakeFiles/cmTC_563b6.dir/test_mpi.cpp.o
/usr/bin/c++  -isystem /software/slurm/spackages/linux-rocky8-x86_64/gcc-12.3.0/openmpi-4.1.6-o24xaglwzn6ubwum4bavwp34qy7vowfs/include -pthread -std=gnu++14 -o CMakeFiles/cmTC_563b6.dir/test_mpi.cpp.o -c /home/liweiw/TRACE_PV/new_src/TRACE-PV/build/CMakeFiles/FindMPI/test_mpi.cpp
In file included from /home/liweiw/TRACE_PV/new_src/TRACE-PV/build/CMakeFiles/FindMPI/test_mpi.cpp:1:
/software/slurm/spackages/linux-rocky8-x86_64/gcc-12.3.0/openmpi-4.1.6-o24xaglwzn6ubwum4bavwp34qy7vowfs/include/mpi.h:237:10: fatal error: stddef.h: No such file or directory
 #include <stddef.h>
          ^~~~~~~~~~
compilation terminated.
gmake[1]: *** [CMakeFiles/cmTC_563b6.dir/build.make:78: CMakeFiles/cmTC_563b6.dir/test_mpi.cpp.o] Error 1
gmake[1]: Leaving directory '/home/liweiw/TRACE_PV/new_src/TRACE-PV/build/CMakeFiles/CMakeTmp'
gmake: *** [Makefile:127: cmTC_563b6/fast] Error 2



Performing C++ SOURCE FILE Test CMAKE_HAVE_LIBC_PTHREAD failed with the following output:
Change Dir: /home/liweiw/TRACE_PV/new_src/TRACE-PV/build/CMakeFiles/CMakeTmp

Run Build Command(s):/usr/bin/gmake -f Makefile cmTC_682f9/fast && /usr/bin/gmake  -f CMakeFiles/cmTC_682f9.dir/build.make CMakeFiles/cmTC_682f9.dir/build
gmake[1]: Entering directory '/home/liweiw/TRACE_PV/new_src/TRACE-PV/build/CMakeFiles/CMakeTmp'
Building CXX object CMakeFiles/cmTC_682f9.dir/src.cxx.o
/software/slurm/spackages/linux-rocky8-x86_64/gcc-12.2.0/gcc-12.3.0-gte3dhuw5dryttvxvjbbxdqxuz2panwt/bin/g++ -DCMAKE_HAVE_LIBC_PTHREAD  -std=gnu++14 -o CMakeFiles/cmTC_682f9.dir/src.cxx.o -c /home/liweiw/TRACE_PV/new_src/TRACE-PV/build/CMakeFiles/CMakeTmp/src.cxx
Linking CXX executable cmTC_682f9
/usr/bin/cmake -E cmake_link_script CMakeFiles/cmTC_682f9.dir/link.txt --verbose=1
/software/slurm/spackages/linux-rocky8-x86_64/gcc-12.2.0/gcc-12.3.0-gte3dhuw5dryttvxvjbbxdqxuz2panwt/bin/g++ CMakeFiles/cmTC_682f9.dir/src.cxx.o -o cmTC_682f9 
CMakeFiles/cmTC_682f9.dir/src.cxx.o: In function `main':
src.cxx:(.text+0x2d): undefined reference to `pthread_create'
src.cxx:(.text+0x39): undefined reference to `pthread_detach'
src.cxx:(.text+0x45): undefined reference to `pthread_cancel'
src.cxx:(.text+0x56): undefined reference to `pthread_join'
collect2: error: ld returned 1 exit status
gmake[1]: *** [CMakeFiles/cmTC_682f9.dir/build.make:99: cmTC_682f9] Error 1
gmake[1]: Leaving directory '/home/liweiw/TRACE_PV/new_src/TRACE-PV/build/CMakeFiles/CMakeTmp'
gmake: *** [Makefile:127: cmTC_682f9/fast] Error 2


Source file was:
#include <pthread.h>

static void* test_func(void* data)
{
  return data;
}

int main(void)
{
  pthread_t thread;
  pthread_create(&thread, NULL, test_func, NULL);
  pthread_detach(thread);
  pthread_cancel(thread);
  pthread_join(thread, NULL);
  pthread_atfork(NULL, NULL, NULL);
  pthread_exit(NULL);

  return 0;
}

Determining if the function pthread_create exists in the pthreads failed with the following output:
Change Dir: /home/liweiw/TRACE_PV/new_src/TRACE-PV/build/CMakeFiles/CMakeTmp

Run Build Command(s):/usr/bin/gmake -f Makefile cmTC_8a09f/fast && /usr/bin/gmake  -f CMakeFiles/cmTC_8a09f.dir/build.make CMakeFiles/cmTC_8a09f.dir/build
gmake[1]: Entering directory '/home/liweiw/TRACE_PV/new_src/TRACE-PV/build/CMakeFiles/CMakeTmp'
Building CXX object CMakeFiles/cmTC_8a09f.dir/CheckFunctionExists.cxx.o
/software/slurm/spackages/linux-rocky8-x86_64/gcc-12.2.0/gcc-12.3.0-gte3dhuw5dryttvxvjbbxdqxuz2panwt/bin/g++   -DCHECK_FUNCTION_EXISTS=pthread_create -std=gnu++14 -o CMakeFiles/cmTC_8a09f.dir/CheckFunctionExists.cxx.o -c /home/liweiw/TRACE_PV/new_src/TRACE-PV/build/CMakeFiles/CheckLibraryExists/CheckFunctionExists.cxx
Linking CXX executable cmTC_8a09f
/usr/bin/cmake -E cmake_link_script CMakeFiles/cmTC_8a09f.dir/link.txt --verbose=1
/software/slurm/spackages/linux-rocky8-x86_64/gcc-12.2.0/gcc-12.3.0-gte3dhuw5dryttvxvjbbxdqxuz2panwt/bin/g++  -DCHECK_FUNCTION_EXISTS=pthread_create CMakeFiles/cmTC_8a09f.dir/CheckFunctionExists.cxx.o -o cmTC_8a09f  -lpthreads 
/usr/bin/ld: cannot find -lpthreads
collect2: error: ld returned 1 exit status
gmake[1]: *** [CMakeFiles/cmTC_8a09f.dir/build.make:99: cmTC_8a09f] Error 1
gmake[1]: Leaving directory '/home/liweiw/TRACE_PV/new_src/TRACE-PV/build/CMakeFiles/CMakeTmp'
gmake: *** [Makefile:127: cmTC_8a09f/fast] Error 2



Performing C++ SOURCE FILE Test CMAKE_HAVE_LIBC_PTHREAD failed with the following output:
Change Dir: /home/liweiw/TRACE_PV/new_src/TRACE-PV/build/CMakeFiles/CMakeTmp

Run Build Command(s):/usr/bin/gmake -f Makefile cmTC_c913e/fast && /usr/bin/gmake  -f CMakeFiles/cmTC_c913e.dir/build.make CMakeFiles/cmTC_c913e.dir/build
gmake[1]: Entering directory '/home/liweiw/TRACE_PV/new_src/TRACE-PV/build/CMakeFiles/CMakeTmp'
Building CXX object CMakeFiles/cmTC_c913e.dir/src.cxx.o
/software/slurm/spackages/linux-rocky8-x86_64/gcc-12.2.0/gcc-12.3.0-gte3dhuw5dryttvxvjbbxdqxuz2panwt/bin/g++ -DCMAKE_HAVE_LIBC_PTHREAD  -std=gnu++14 -o CMakeFiles/cmTC_c913e.dir/src.cxx.o -c /home/liweiw/TRACE_PV/new_src/TRACE-PV/build/CMakeFiles/CMakeTmp/src.cxx
Linking CXX executable cmTC_c913e
/usr/bin/cmake -E cmake_link_script CMakeFiles/cmTC_c913e.dir/link.txt --verbose=1
/software/slurm/spackages/linux-rocky8-x86_64/gcc-12.2.0/gcc-12.3.0-gte3dhuw5dryttvxvjbbxdqxuz2panwt/bin/g++ CMakeFiles/cmTC_c913e.dir/src.cxx.o -o cmTC_c913e 
CMakeFiles/cmTC_c913e.dir/src.cxx.o: In function `main':
src.cxx:(.text+0x2d): undefined reference to `pthread_create'
src.cxx:(.text+0x39): undefined reference to `pthread_detach'
src.cxx:(.text+0x45): undefined reference to `pthread_cancel'
src.cxx:(.text+0x56): undefined reference to `pthread_join'
collect2: error: ld returned 1 exit status
gmake[1]: *** [CMakeFiles/cmTC_c913e.dir/build.make:99: cmTC_c913e] Error 1
gmake[1]: Leaving directory '/home/liweiw/TRACE_PV/new_src/TRACE-PV/build/CMakeFiles/CMakeTmp'
gmake: *** [Makefile:127: cmTC_c913e/fast] Error 2


Source file was:
#include <pthread.h>

static void* test_func(void* data)
{
  return data;
}

int main(void)
{
  pthread_t thread;
  pthread_create(&thread, NULL, test_func, NULL);
  pthread_detach(thread);
  pthread_cancel(thread);
  pthread_join(thread, NULL);
  pthread_atfork(NULL, NULL, NULL);
  pthread_exit(NULL);

  return 0;
}

Determining if the function pthread_create exists in the pthreads failed with the following output:
Change Dir: /home/liweiw/TRACE_PV/new_src/TRACE-PV/build/CMakeFiles/CMakeTmp

Run Build Command(s):/usr/bin/gmake -f Makefile cmTC_deeaf/fast && /usr/bin/gmake  -f CMakeFiles/cmTC_deeaf.dir/build.make CMakeFiles/cmTC_deeaf.dir/build
gmake[1]: Entering directory '/home/liweiw/TRACE_PV/new_src/TRACE-PV/build/CMakeFiles/CMakeTmp'
Building CXX object CMakeFiles/cmTC_deeaf.dir/CheckFunctionExists.cxx.o
/software/slurm/spackages/linux-rocky8-x86_64/gcc-12.2.0/gcc-12.3.0-gte3dhuw5dryttvxvjbbxdqxuz2panwt/bin/g++   -DCHECK_FUNCTION_EXISTS=pthread_create -std=gnu++14 -o CMakeFiles/cmTC_deeaf.dir/CheckFunctionExists.cxx.o -c /home/liweiw/TRACE_PV/new_src/TRACE-PV/build/CMakeFiles/CheckLibraryExists/CheckFunctionExists.cxx
Linking CXX executable cmTC_deeaf
/usr/bin/cmake -E cmake_link_script CMakeFiles/cmTC_deeaf.dir/link.txt --verbose=1
/software/slurm/spackages/linux-rocky8-x86_64/gcc-12.2.0/gcc-12.3.0-gte3dhuw5dryttvxvjbbxdqxuz2panwt/bin/g++  -DCHECK_FUNCTION_EXISTS=pthread_create CMakeFiles/cmTC_deeaf.dir/CheckFunctionExists.cxx.o -o cmTC_deeaf  -lpthreads 
/usr/bin/ld: cannot find -lpthreads
collect2: error: ld returned 1 exit status
gmake[1]: *** [CMakeFiles/cmTC_deeaf.dir/build.make:99: cmTC_deeaf] Error 1
gmake[1]: Leaving directory '/home/liweiw/TRACE_PV/new_src/TRACE-PV/build/CMakeFiles/CMakeTmp'
gmake: *** [Makefile:127: cmTC_deeaf/fast] Error 2



Performing C++ SOURCE FILE Test CMAKE_HAVE_LIBC_PTHREAD failed with the following output:
Change Dir: /home/liweiw/TRACE_PV/new_src/TRACE-PV/build/CMakeFiles/CMakeTmp

Run Build Command(s):/usr/bin/gmake -f Makefile cmTC_aa2d4/fast && /usr/bin/gmake  -f CMakeFiles/cmTC_aa2d4.dir/build.make CMakeFiles/cmTC_aa2d4.dir/build
gmake[1]: Entering directory '/home/liweiw/TRACE_PV/new_src/TRACE-PV/build/CMakeFiles/CMakeTmp'
Building CXX object CMakeFiles/cmTC_aa2d4.dir/src.cxx.o
/software/slurm/spackages/linux-rocky8-x86_64/gcc-12.2.0/gcc-12.3.0-gte3dhuw5dryttvxvjbbxdqxuz2panwt/bin/g++ -DCMAKE_HAVE_LIBC_PTHREAD  -std=gnu++14 -o CMakeFiles/cmTC_aa2d4.dir/src.cxx.o -c /home/liweiw/TRACE_PV/new_src/TRACE-PV/build/CMakeFiles/CMakeTmp/src.cxx
Linking CXX executable cmTC_aa2d4
/usr/bin/cmake -E cmake_link_script CMakeFiles/cmTC_aa2d4.dir/link.txt --verbose=1
/software/slurm/spackages/linux-rocky8-x86_64/gcc-12.2.0/gcc-12.3.0-gte3dhuw5dryttvxvjbbxdqxuz2panwt/bin/g++ CMakeFiles/cmTC_aa2d4.dir/src.cxx.o -o cmTC_aa2d4 
CMakeFiles/cmTC_aa2d4.dir/src.cxx.o: In function `main':
src.cxx:(.text+0x2d): undefined reference to `pthread_create'
src.cxx:(.text+0x39): undefined reference to `pthread_detach'
src.cxx:(.text+0x45): undefined reference to `pthread_cancel'
src.cxx:(.text+0x56): undefined reference to `pthread_join'
collect2: error: ld returned 1 exit status
gmake[1]: *** [CMakeFiles/cmTC_aa2d4.dir/build.make:99: cmTC_aa2d4] Error 1
gmake[1]: Leaving directory '/home/liweiw/TRACE_PV/new_src/TRACE-PV/build/CMakeFiles/CMakeTmp'
gmake: *** [Makefile:127: cmTC_aa2d4/fast] Error 2


Source file was:
#include <pthread.h>

static void* test_func(void* data)
{
  return data;
}

int main(void)
{
  pthread_t thread;
  pthread_create(&thread, NULL, test_func, NULL);
  pthread_detach(thread);
  pthread_cancel(thread);
  pthread_join(thread, NULL);
  pthread_atfork(NULL, NULL, NULL);
  pthread_exit(NULL);

  return 0;
}

Determining if the function pthread_create exists in the pthreads failed with the following output:
Change Dir: /home/liweiw/TRACE_PV/new_src/TRACE-PV/build/CMakeFiles/CMakeTmp

Run Build Command(s):/usr/bin/gmake -f Makefile cmTC_eba0a/fast && /usr/bin/gmake  -f CMakeFiles/cmTC_eba0a.dir/build.make CMakeFiles/cmTC_eba0a.dir/build
gmake[1]: Entering directory '/home/liweiw/TRACE_PV/new_src/TRACE-PV/build/CMakeFiles/CMakeTmp'
Building CXX object CMakeFiles/cmTC_eba0a.dir/CheckFunctionExists.cxx.o
/software/slurm/spackages/linux-rocky8-x86_64/gcc-12.2.0/gcc-12.3.0-gte3dhuw5dryttvxvjbbxdqxuz2panwt/bin/g++   -DCHECK_FUNCTION_EXISTS=pthread_create -std=gnu++14 -o CMakeFiles/cmTC_eba0a.dir/CheckFunctionExists.cxx.o -c /home/liweiw/TRACE_PV/new_src/TRACE-PV/build/CMakeFiles/CheckLibraryExists/CheckFunctionExists.cxx
Linking CXX executable cmTC_eba0a
/usr/bin/cmake -E cmake_link_script CMakeFiles/cmTC_eba0a.dir/link.txt --verbose=1
/software/slurm/spackages/linux-rocky8-x86_64/gcc-12.2.0/gcc-12.3.0-gte3dhuw5dryttvxvjbbxdqxuz2panwt/bin/g++  -DCHECK_FUNCTION_EXISTS=pthread_create CMakeFiles/cmTC_eba0a.dir/CheckFunctionExists.cxx.o -o cmTC_eba0a  -lpthreads 
/usr/bin/ld: cannot find -lpthreads
collect2: error: ld returned 1 exit status
gmake[1]: *** [CMakeFiles/cmTC_eba0a.dir/build.make:99: cmTC_eba0a] Error 1
gmake[1]: Leaving directory '/home/liweiw/TRACE_PV/new_src/TRACE-PV/build/CMakeFiles/CMakeTmp'
gmake: *** [Makefile:127: cmTC_eba0a/fast] Error 2



Performing C++ SOURCE FILE Test CMAKE_HAVE_LIBC_PTHREAD failed with the following output:
Change Dir: /home/liweiw/TRACE_PV/new_src/TRACE-PV/build/CMakeFiles/CMakeTmp

Run Build Command(s):/usr/bin/gmake -f Makefile cmTC_0c9b2/fast && /usr/bin/gmake  -f CMakeFiles/cmTC_0c9b2.dir/build.make CMakeFiles/cmTC_0c9b2.dir/build
gmake[1]: Entering directory '/home/liweiw/TRACE_PV/new_src/TRACE-PV/build/CMakeFiles/CMakeTmp'
Building CXX object CMakeFiles/cmTC_0c9b2.dir/src.cxx.o
/software/slurm/spackages/linux-rocky8-x86_64/gcc-12.2.0/gcc-12.3.0-gte3dhuw5dryttvxvjbbxdqxuz2panwt/bin/g++ -DCMAKE_HAVE_LIBC_PTHREAD  -std=gnu++14 -o CMakeFiles/cmTC_0c9b2.dir/src.cxx.o -c /home/liweiw/TRACE_PV/new_src/TRACE-PV/build/CMakeFiles/CMakeTmp/src.cxx
Linking CXX executable cmTC_0c9b2
/usr/bin/cmake -E cmake_link_script CMakeFiles/cmTC_0c9b2.dir/link.txt --verbose=1
/software/slurm/spackages/linux-rocky8-x86_64/gcc-12.2.0/gcc-12.3.0-gte3dhuw5dryttvxvjbbxdqxuz2panwt/bin/g++ CMakeFiles/cmTC_0c9b2.dir/src.cxx.o -o cmTC_0c9b2 
CMakeFiles/cmTC_0c9b2.dir/src.cxx.o: In function `main':
src.cxx:(.text+0x2d): undefined reference to `pthread_create'
src.cxx:(.text+0x39): undefined reference to `pthread_detach'
src.cxx:(.text+0x45): undefined reference to `pthread_cancel'
src.cxx:(.text+0x56): undefined reference to `pthread_join'
collect2: error: ld returned 1 exit status
gmake[1]: *** [CMakeFiles/cmTC_0c9b2.dir/build.make:99: cmTC_0c9b2] Error 1
gmake[1]: Leaving directory '/home/liweiw/TRACE_PV/new_src/TRACE-PV/build/CMakeFiles/CMakeTmp'
gmake: *** [Makefile:127: cmTC_0c9b2/fast] Error 2


Source file was:
#include <pthread.h>

static void* test_func(void* data)
{
  return data;
}

int main(void)
{
  pthread_t thread;
  pthread_create(&thread, NULL, test_func, NULL);
  pthread_detach(thread);
  pthread_cancel(thread);
  pthread_join(thread, NULL);
  pthread_atfork(NULL, NULL, NULL);
  pthread_exit(NULL);

  return 0;
}

Determining if the function pthread_create exists in the pthreads failed with the following output:
Change Dir: /home/liweiw/TRACE_PV/new_src/TRACE-PV/build/CMakeFiles/CMakeTmp

Run Build Command(s):/usr/bin/gmake -f Makefile cmTC_89b81/fast && /usr/bin/gmake  -f CMakeFiles/cmTC_89b81.dir/build.make CMakeFiles/cmTC_89b81.dir/build
gmake[1]: Entering directory '/home/liweiw/TRACE_PV/new_src/TRACE-PV/build/CMakeFiles/CMakeTmp'
Building CXX object CMakeFiles/cmTC_89b81.dir/CheckFunctionExists.cxx.o
/software/slurm/spackages/linux-rocky8-x86_64/gcc-12.2.0/gcc-12.3.0-gte3dhuw5dryttvxvjbbxdqxuz2panwt/bin/g++   -DCHECK_FUNCTION_EXISTS=pthread_create -std=gnu++14 -o CMakeFiles/cmTC_89b81.dir/CheckFunctionExists.cxx.o -c /home/liweiw/TRACE_PV/new_src/TRACE-PV/build/CMakeFiles/CheckLibraryExists/CheckFunctionExists.cxx
Linking CXX executable cmTC_89b81
/usr/bin/cmake -E cmake_link_script CMakeFiles/cmTC_89b81.dir/link.txt --verbose=1
/software/slurm/spackages/linux-rocky8-x86_64/gcc-12.2.0/gcc-12.3.0-gte3dhuw5dryttvxvjbbxdqxuz2panwt/bin/g++  -DCHECK_FUNCTION_EXISTS=pthread_create CMakeFiles/cmTC_89b81.dir/CheckFunctionExists.cxx.o -o cmTC_89b81  -lpthreads 
/usr/bin/ld: cannot find -lpthreads
collect2: error: ld returned 1 exit status
gmake[1]: *** [CMakeFiles/cmTC_89b81.dir/build.make:99: cmTC_89b81] Error 1
gmake[1]: Leaving directory '/home/liweiw/TRACE_PV/new_src/TRACE-PV/build/CMakeFiles/CMakeTmp'
gmake: *** [Makefile:127: cmTC_89b81/fast] Error 2



Performing C++ SOURCE FILE Test CMAKE_HAVE_LIBC_PTHREAD failed with the following output:
Change Dir: /home/liweiw/TRACE_PV/new_src/TRACE-PV/build/CMakeFiles/CMakeTmp

Run Build Command(s):/usr/bin/gmake -f Makefile cmTC_18a57/fast && /usr/bin/gmake  -f CMakeFiles/cmTC_18a57.dir/build.make CMakeFiles/cmTC_18a57.dir/build
gmake[1]: Entering directory '/home/liweiw/TRACE_PV/new_src/TRACE-PV/build/CMakeFiles/CMakeTmp'
Building CXX object CMakeFiles/cmTC_18a57.dir/src.cxx.o
/software/slurm/spackages/linux-rocky8-x86_64/gcc-12.2.0/gcc-12.3.0-gte3dhuw5dryttvxvjbbxdqxuz2panwt/bin/g++ -DCMAKE_HAVE_LIBC_PTHREAD  -std=gnu++14 -o CMakeFiles/cmTC_18a57.dir/src.cxx.o -c /home/liweiw/TRACE_PV/new_src/TRACE-PV/build/CMakeFiles/CMakeTmp/src.cxx
Linking CXX executable cmTC_18a57
/usr/bin/cmake -E cmake_link_script CMakeFiles/cmTC_18a57.dir/link.txt --verbose=1
/software/slurm/spackages/linux-rocky8-x86_64/gcc-12.2.0/gcc-12.3.0-gte3dhuw5dryttvxvjbbxdqxuz2panwt/bin/g++ CMakeFiles/cmTC_18a57.dir/src.cxx.o -o cmTC_18a57 
CMakeFiles/cmTC_18a57.dir/src.cxx.o: In function `main':
src.cxx:(.text+0x2d): undefined reference to `pthread_create'
src.cxx:(.text+0x39): undefined reference to `pthread_detach'
src.cxx:(.text+0x45): undefined reference to `pthread_cancel'
src.cxx:(.text+0x56): undefined reference to `pthread_join'
collect2: error: ld returned 1 exit status
gmake[1]: *** [CMakeFiles/cmTC_18a57.dir/build.make:99: cmTC_18a57] Error 1
gmake[1]: Leaving directory '/home/liweiw/TRACE_PV/new_src/TRACE-PV/build/CMakeFiles/CMakeTmp'
gmake: *** [Makefile:127: cmTC_18a57/fast] Error 2


Source file was:
#include <pthread.h>

static void* test_func(void* data)
{
  return data;
}

int main(void)
{
  pthread_t thread;
  pthread_create(&thread, NULL, test_func, NULL);
  pthread_detach(thread);
  pthread_cancel(thread);
  pthread_join(thread, NULL);
  pthread_atfork(NULL, NULL, NULL);
  pthread_exit(NULL);

  return 0;
}

Determining if the function pthread_create exists in the pthreads failed with the following output:
Change Dir: /home/liweiw/TRACE_PV/new_src/TRACE-PV/build/CMakeFiles/CMakeTmp

Run Build Command(s):/usr/bin/gmake -f Makefile cmTC_09ae6/fast && /usr/bin/gmake  -f CMakeFiles/cmTC_09ae6.dir/build.make CMakeFiles/cmTC_09ae6.dir/build
gmake[1]: Entering directory '/home/liweiw/TRACE_PV/new_src/TRACE-PV/build/CMakeFiles/CMakeTmp'
Building CXX object CMakeFiles/cmTC_09ae6.dir/CheckFunctionExists.cxx.o
/software/slurm/spackages/linux-rocky8-x86_64/gcc-12.2.0/gcc-12.3.0-gte3dhuw5dryttvxvjbbxdqxuz2panwt/bin/g++   -DCHECK_FUNCTION_EXISTS=pthread_create -std=gnu++14 -o CMakeFiles/cmTC_09ae6.dir/CheckFunctionExists.cxx.o -c /home/liweiw/TRACE_PV/new_src/TRACE-PV/build/CMakeFiles/CheckLibraryExists/CheckFunctionExists.cxx
Linking CXX executable cmTC_09ae6
/usr/bin/cmake -E cmake_link_script CMakeFiles/cmTC_09ae6.dir/link.txt --verbose=1
/software/slurm/spackages/linux-rocky8-x86_64/gcc-12.2.0/gcc-12.3.0-gte3dhuw5dryttvxvjbbxdqxuz2panwt/bin/g++  -DCHECK_FUNCTION_EXISTS=pthread_create CMakeFiles/cmTC_09ae6.dir/CheckFunctionExists.cxx.o -o cmTC_09ae6  -lpthreads 
/usr/bin/ld: cannot find -lpthreads
collect2: error: ld returned 1 exit status
gmake[1]: *** [CMakeFiles/cmTC_09ae6.dir/build.make:99: cmTC_09ae6] Error 1
gmake[1]: Leaving directory '/home/liweiw/TRACE_PV/new_src/TRACE-PV/build/CMakeFiles/CMakeTmp'
gmake: *** [Makefile:127: cmTC_09ae6/fast] Error 2



Performing C++ SOURCE FILE Test CMAKE_HAVE_LIBC_PTHREAD failed with the following output:
Change Dir: /home/liweiw/TRACE_PV/new_src/TRACE-PV/build/CMakeFiles/CMakeTmp

Run Build Command(s):/usr/bin/gmake -f Makefile cmTC_753d1/fast && /usr/bin/gmake  -f CMakeFiles/cmTC_753d1.dir/build.make CMakeFiles/cmTC_753d1.dir/build
gmake[1]: Entering directory '/home/liweiw/TRACE_PV/new_src/TRACE-PV/build/CMakeFiles/CMakeTmp'
Building CXX object CMakeFiles/cmTC_753d1.dir/src.cxx.o
/software/slurm/spackages/linux-rocky8-x86_64/gcc-12.2.0/gcc-12.3.0-gte3dhuw5dryttvxvjbbxdqxuz2panwt/bin/g++ -DCMAKE_HAVE_LIBC_PTHREAD  -std=gnu++14 -o CMakeFiles/cmTC_753d1.dir/src.cxx.o -c /home/liweiw/TRACE_PV/new_src/TRACE-PV/build/CMakeFiles/CMakeTmp/src.cxx
Linking CXX executable cmTC_753d1
/usr/bin/cmake -E cmake_link_script CMakeFiles/cmTC_753d1.dir/link.txt --verbose=1
/software/slurm/spackages/linux-rocky8-x86_64/gcc-12.2.0/gcc-12.3.0-gte3dhuw5dryttvxvjbbxdqxuz2panwt/bin/g++ CMakeFiles/cmTC_753d1.dir/src.cxx.o -o cmTC_753d1 
CMakeFiles/cmTC_753d1.dir/src.cxx.o: In function `main':
src.cxx:(.text+0x2d): undefined reference to `pthread_create'
src.cxx:(.text+0x39): undefined reference to `pthread_detach'
src.cxx:(.text+0x45): undefined reference to `pthread_cancel'
src.cxx:(.text+0x56): undefined reference to `pthread_join'
collect2: error: ld returned 1 exit status
gmake[1]: *** [CMakeFiles/cmTC_753d1.dir/build.make:99: cmTC_753d1] Error 1
gmake[1]: Leaving directory '/home/liweiw/TRACE_PV/new_src/TRACE-PV/build/CMakeFiles/CMakeTmp'
gmake: *** [Makefile:127: cmTC_753d1/fast] Error 2


Source file was:
#include <pthread.h>

static void* test_func(void* data)
{
  return data;
}

int main(void)
{
  pthread_t thread;
  pthread_create(&thread, NULL, test_func, NULL);
  pthread_detach(thread);
  pthread_cancel(thread);
  pthread_join(thread, NULL);
  pthread_atfork(NULL, NULL, NULL);
  pthread_exit(NULL);

  return 0;
}

Determining if the function pthread_create exists in the pthreads failed with the following output:
Change Dir: /home/liweiw/TRACE_PV/new_src/TRACE-PV/build/CMakeFiles/CMakeTmp

Run Build Command(s):/usr/bin/gmake -f Makefile cmTC_8fdbb/fast && /usr/bin/gmake  -f CMakeFiles/cmTC_8fdbb.dir/build.make CMakeFiles/cmTC_8fdbb.dir/build
gmake[1]: Entering directory '/home/liweiw/TRACE_PV/new_src/TRACE-PV/build/CMakeFiles/CMakeTmp'
Building CXX object CMakeFiles/cmTC_8fdbb.dir/CheckFunctionExists.cxx.o
/software/slurm/spackages/linux-rocky8-x86_64/gcc-12.2.0/gcc-12.3.0-gte3dhuw5dryttvxvjbbxdqxuz2panwt/bin/g++   -DCHECK_FUNCTION_EXISTS=pthread_create -std=gnu++14 -o CMakeFiles/cmTC_8fdbb.dir/CheckFunctionExists.cxx.o -c /home/liweiw/TRACE_PV/new_src/TRACE-PV/build/CMakeFiles/CheckLibraryExists/CheckFunctionExists.cxx
Linking CXX executable cmTC_8fdbb
/usr/bin/cmake -E cmake_link_script CMakeFiles/cmTC_8fdbb.dir/link.txt --verbose=1
/software/slurm/spackages/linux-rocky8-x86_64/gcc-12.2.0/gcc-12.3.0-gte3dhuw5dryttvxvjbbxdqxuz2panwt/bin/g++  -DCHECK_FUNCTION_EXISTS=pthread_create CMakeFiles/cmTC_8fdbb.dir/CheckFunctionExists.cxx.o -o cmTC_8fdbb  -lpthreads 
/usr/bin/ld: cannot find -lpthreads
collect2: error: ld returned 1 exit status
gmake[1]: *** [CMakeFiles/cmTC_8fdbb.dir/build.make:99: cmTC_8fdbb] Error 1
gmake[1]: Leaving directory '/home/liweiw/TRACE_PV/new_src/TRACE-PV/build/CMakeFiles/CMakeTmp'
gmake: *** [Makefile:127: cmTC_8fdbb/fast] Error 2



